0 info it worked if it ends with ok
1 verbose cli [ '/Users/ccover/.nvm/versions/node/v6.12.3/bin/node',
1 verbose cli   '/Users/ccover/.nvm/versions/node/v6.12.3/bin/npm',
1 verbose cli   'start' ]
2 info using npm@3.10.10
3 info using node@v6.12.3
4 verbose run-script [ 'prestart', 'start', 'poststart' ]
5 info lifecycle project-portal@1.0.0-beta~prestart: project-portal@1.0.0-beta
6 silly lifecycle project-portal@1.0.0-beta~prestart: no script for prestart, continuing
7 info lifecycle project-portal@1.0.0-beta~start: project-portal@1.0.0-beta
8 verbose lifecycle project-portal@1.0.0-beta~start: unsafe-perm in lifecycle true
9 verbose lifecycle project-portal@1.0.0-beta~start: PATH: /Users/ccover/.nvm/versions/node/v6.12.3/lib/node_modules/npm/bin/node-gyp-bin:/Users/ccover/Documents/my_documents/BU/CS673/project/node_modules/.bin:/Applications/MAMP/bin/php/php7.1.12/bin:/Users/ccover/.nvm/versions/node/v6.12.3/bin:/Library/Frameworks/Python.framework/Versions/3.6/bin:.:/Users/ccover/Library/SaxonEE9-7-0-14J/:/Users/ccover/bin/asciidoc-8.6.9/:/usr/local/php5-7.1.10-20171002-090111/bin/:/Users/ccover/mongodb/bin:/Users/ccover/bin:/Users/ccover/Library/Maven/bin/:/Users/ccover/Library/BaseX/BaseX864.jar:/Users/ccover/anaconda3/bin:/Users/ccover/Documents/projects/cars/content-conversion-to-cars:/Users/ccover/Library/mlcp-9.0.3/bin:/Library/apache-ant-1.10.1/bin://Users/ccover/.composer/vendor/bin:/Users/ccover/bin/phive.phar/tools:/usr/local/bin:/usr/bin:/bin:/usr/sbin:/sbin:/opt/X11/bin:/Applications/Server.app/Contents/ServerRoot/usr/bin:/Applications/Server.app/Contents/ServerRoot/usr/sbin:/usr/local/go/bin:/Library/TeX/texbin:/Applications/Wireshark.app/Contents/MacOS:/Applications/MAMP/bin/php/php7.1.12/bin:/Library/Frameworks/Python.framework/Versions/3.6/bin:.:/Users/ccover/Library/SaxonEE9-7-0-14J/:/Users/ccover/bin/asciidoc-8.6.9/:/usr/local/php5-7.1.10-20171002-090111/bin/:/Users/ccover/mongodb/bin:/Users/ccover/bin:/Users/ccover/Library/Maven/bin/:/Users/ccover/Library/BaseX/BaseX864.jar:/Users/ccover/anaconda3/bin:/Users/ccover/Documents/projects/cars/content-conversion-to-cars:/Users/ccover/Library/mlcp-9.0.3/bin://Users/ccover/.composer/vendor/bin:/Users/ccover/bin/phive.phar/tools
10 verbose lifecycle project-portal@1.0.0-beta~start: CWD: /Users/ccover/Documents/my_documents/BU/CS673/project
11 silly lifecycle project-portal@1.0.0-beta~start: Args: [ '-c', 'node app' ]
12 silly lifecycle project-portal@1.0.0-beta~start: Returned: code: 1  signal: null
13 info lifecycle project-portal@1.0.0-beta~start: Failed to exec start script
14 verbose stack Error: project-portal@1.0.0-beta start: `node app`
14 verbose stack Exit status 1
14 verbose stack     at EventEmitter.<anonymous> (/Users/ccover/.nvm/versions/node/v6.12.3/lib/node_modules/npm/lib/utils/lifecycle.js:255:16)
14 verbose stack     at emitTwo (events.js:106:13)
14 verbose stack     at EventEmitter.emit (events.js:191:7)
14 verbose stack     at ChildProcess.<anonymous> (/Users/ccover/.nvm/versions/node/v6.12.3/lib/node_modules/npm/lib/utils/spawn.js:40:14)
14 verbose stack     at emitTwo (events.js:106:13)
14 verbose stack     at ChildProcess.emit (events.js:191:7)
14 verbose stack     at maybeClose (internal/child_process.js:920:16)
14 verbose stack     at Process.ChildProcess._handle.onexit (internal/child_process.js:230:5)
15 verbose pkgid project-portal@1.0.0-beta
16 verbose cwd /Users/ccover/Documents/my_documents/BU/CS673/project
17 error Darwin 15.6.0
18 error argv "/Users/ccover/.nvm/versions/node/v6.12.3/bin/node" "/Users/ccover/.nvm/versions/node/v6.12.3/bin/npm" "start"
19 error node v6.12.3
20 error npm  v3.10.10
21 error code ELIFECYCLE
22 error project-portal@1.0.0-beta start: `node app`
22 error Exit status 1
23 error Failed at the project-portal@1.0.0-beta start script 'node app'.
23 error Make sure you have the latest version of node.js and npm installed.
23 error If you do, this is most likely a problem with the project-portal package,
23 error not with npm itself.
23 error Tell the author that this fails on your system:
23 error     node app
23 error You can get information on how to open an issue for this project with:
23 error     npm bugs project-portal
23 error Or if that isn't available, you can get their info via:
23 error     npm owner ls project-portal
23 error There is likely additional logging output above.
24 verbose exit [ 1, true ]
